Using pre-set license
Built from '6000.0/staging' branch; Version is '6000.0.28f1 (f336aca0cab5) revision 15939244'; Using compiler version '193933523'; Build Type 'Release'
OS: 'Windows 10  (10.0.19045) 64bit Core' Language: 'en' Physical Memory: 14252 MB
BatchMode: 1, IsHumanControllingUs: 0, StartBugReporterOnCrash: 0, Is64bit: 1, IsPro: 1

COMMAND LINE ARGUMENTS:
C:\Program Files\Unity\Hub\Editor\6000.0.28f1\Editor\Unity.exe
-adb2
-batchMode
-noUpm
-name
AssetImportWorker0
-projectPath
C:/Users/Dark Knight/Desktop/Projects/Games/ImmigrantLife/ImmigrantLife
-logFile
Logs/AssetImportWorker0.log
-srvPort
2562
-job-worker-count
3
-background-job-worker-count
8
-asset-garbage-collectors
1
Successfully changed project path to: C:/Users/Dark Knight/Desktop/Projects/Games/ImmigrantLife/ImmigrantLife
C:/Users/Dark Knight/Desktop/Projects/Games/ImmigrantLife/ImmigrantLife
[UnityMemory] Configuration Parameters - Can be set up in boot.config
    "memorysetup-bucket-allocator-granularity=16"
    "memorysetup-bucket-allocator-bucket-count=8"
    "memorysetup-bucket-allocator-block-size=33554432"
    "memorysetup-bucket-allocator-block-count=8"
    "memorysetup-main-allocator-block-size=16777216"
    "memorysetup-thread-allocator-block-size=16777216"
    "memorysetup-gfx-main-allocator-block-size=16777216"
    "memorysetup-gfx-thread-allocator-block-size=16777216"
    "memorysetup-cache-allocator-block-size=4194304"
    "memorysetup-typetree-allocator-block-size=2097152"
    "memorysetup-profiler-bucket-allocator-granularity=16"
    "memorysetup-profiler-bucket-allocator-bucket-count=8"
    "memorysetup-profiler-bucket-allocator-block-size=33554432"
    "memorysetup-profiler-bucket-allocator-block-count=8"
    "memorysetup-profiler-allocator-block-size=16777216"
    "memorysetup-profiler-editor-allocator-block-size=1048576"
    "memorysetup-temp-allocator-size-main=16777216"
    "memorysetup-job-temp-allocator-block-size=2097152"
    "memorysetup-job-temp-allocator-block-size-background=1048576"
    "memorysetup-job-temp-allocator-reduction-small-platforms=262144"
    "memorysetup-allocator-temp-initial-block-size-main=262144"
    "memorysetup-allocator-temp-initial-block-size-worker=262144"
    "memorysetup-temp-allocator-size-background-worker=32768"
    "memorysetup-temp-allocator-size-job-worker=262144"
    "memorysetup-temp-allocator-size-preload-manager=33554432"
    "memorysetup-temp-allocator-size-nav-mesh-worker=65536"
    "memorysetup-temp-allocator-size-audio-worker=65536"
    "memorysetup-temp-allocator-size-cloud-worker=32768"
    "memorysetup-temp-allocator-size-gi-baking-worker=262144"
    "memorysetup-temp-allocator-size-gi-baking-worker=262144"
    "memorysetup-temp-allocator-size-gi-baking-worker=262144"
    "memorysetup-temp-allocator-size-gi-baking-worker=262144"
    "memorysetup-temp-allocator-size-gi-baking-worker=262144"
    "memorysetup-temp-allocator-size-gfx=262144"
Player connection [25556]  Target information:

Player connection [25556]  * "[IP] 192.168.1.70 [Port] 0 [Flags] 2 [Guid] 2748540093 [EditorId] 2748540093 [Version] 1048832 [Id] WindowsEditor(7,LAPTOP-34394HG1) [Debug] 1 [PackageName] WindowsEditor [ProjectName] Editor" 

Player connection [25556] Host joined multi-casting on [225.0.0.222:54997]...
Player connection [25556] Host joined alternative multi-casting on [225.0.0.222:34997]...
JobSystem: Creating JobQueue using job-worker-count value 3
[Physics::Module] Initialized fallback backend.
[Physics::Module] Id: 0xdecafbad
Library Redirect Path: Library/
[Physics::Module] Selected backend.
[Physics::Module] Name: PhysX
[Physics::Module] Id: 0xf2b8ea05
[Physics::Module] SDK Version: 4.1.2
[Physics::Module] Integration Version: 1.0.0
[Physics::Module] Threading Mode: Multi-Threaded
Refreshing native plugins compatible for Editor in 5.68 ms, found 4 plugins.
Preloading 0 native plugins for Editor in 0.00 ms.
Initialize engine version: 6000.0.28f1 (f336aca0cab5)
[Subsystems] Discovering subsystems at path C:/Program Files/Unity/Hub/Editor/6000.0.28f1/Editor/Data/Resources/UnitySubsystems
[Subsystems] Discovering subsystems at path C:/Users/Dark Knight/Desktop/Projects/Games/ImmigrantLife/ImmigrantLife/Assets
GfxDevice: creating device client; kGfxThreadingModeNonThreaded
Direct3D:
    Version:  Direct3D 11.0 [level 11.1]
    Renderer: AMD Radeon(TM) Vega 8 Graphics (ID=0x15d8)
    Vendor:   ATI
    VRAM:     7126 MB
    Driver:   31.0.21916.2
Initialize mono
Mono path[0] = 'C:/Program Files/Unity/Hub/Editor/6000.0.28f1/Editor/Data/Managed'
Mono path[1] = 'C:/Program Files/Unity/Hub/Editor/6000.0.28f1/Editor/Data/MonoBleedingEdge/lib/mono/unityjit-win32'
Mono config path = 'C:/Program Files/Unity/Hub/Editor/6000.0.28f1/Editor/Data/MonoBleedingEdge/etc'
Using monoOptions --debugger-agent=transport=dt_socket,embedding=1,server=y,suspend=n,address=127.0.0.1:56972
Begin MonoManager ReloadAssembly
Registering precompiled unity dll's ...
Register platform support module: C:/Program Files/Unity/Hub/Editor/6000.0.28f1/Editor/Data/PlaybackEngines/WindowsStandaloneSupport/UnityEditor.WindowsStandalone.Extensions.dll
Registered in 0.009628 seconds.
- Loaded All Assemblies, in  1.323 seconds
Native extension for WindowsStandalone target not found
Mono: successfully reloaded assembly
- Finished resetting the current domain, in  1.201 seconds
Domain Reload Profiling: 2517ms
	BeginReloadAssembly (468ms)
		ExecutionOrderSort (0ms)
		DisableScriptedObjects (0ms)
		BackupInstance (0ms)
		ReleaseScriptingObjects (0ms)
		CreateAndSetChildDomain (2ms)
	RebuildCommonClasses (135ms)
	RebuildNativeTypeToScriptingClass (48ms)
	initialDomainReloadingComplete (200ms)
	LoadAllAssembliesAndSetupDomain (463ms)
		LoadAssemblies (462ms)
		RebuildTransferFunctionScriptingTraits (0ms)
		AnalyzeDomain (455ms)
			TypeCache.Refresh (451ms)
				TypeCache.ScanAssembly (414ms)
			BuildScriptInfoCaches (0ms)
			ResolveRequiredComponents (1ms)
	FinalizeReload (1202ms)
		ReleaseScriptCaches (0ms)
		RebuildScriptCaches (0ms)
		SetupLoadedEditorAssemblies (1059ms)
			LogAssemblyErrors (0ms)
			InitializePlatformSupportModulesInManaged (78ms)
			SetLoadedEditorAssemblies (12ms)
			BeforeProcessingInitializeOnLoad (18ms)
			ProcessInitializeOnLoadAttributes (741ms)
			ProcessInitializeOnLoadMethodAttributes (202ms)
			AfterProcessingInitializeOnLoad (8ms)
			EditorAssembliesLoaded (0ms)
		ExecutionOrderSort2 (0ms)
		AwakeInstancesAfterBackupRestoration (0ms)
========================================================================
Worker process is ready to serve import requests
Import Worker Mode flag is 0x00
Begin MonoManager ReloadAssembly
- Loaded All Assemblies, in  3.106 seconds
Refreshing native plugins compatible for Editor in 6.00 ms, found 4 plugins.
Native extension for WindowsStandalone target not found
Mono: successfully reloaded assembly
- Finished resetting the current domain, in  3.114 seconds
Domain Reload Profiling: 6208ms
	BeginReloadAssembly (1246ms)
		ExecutionOrderSort (0ms)
		DisableScriptedObjects (21ms)
		BackupInstance (0ms)
		ReleaseScriptingObjects (0ms)
		CreateAndSetChildDomain (90ms)
	RebuildCommonClasses (100ms)
	RebuildNativeTypeToScriptingClass (42ms)
	initialDomainReloadingComplete (101ms)
	LoadAllAssembliesAndSetupDomain (1604ms)
		LoadAssemblies (1031ms)
		RebuildTransferFunctionScriptingTraits (0ms)
		AnalyzeDomain (847ms)
			TypeCache.Refresh (565ms)
				TypeCache.ScanAssembly (516ms)
			BuildScriptInfoCaches (241ms)
			ResolveRequiredComponents (33ms)
	FinalizeReload (3115ms)
		ReleaseScriptCaches (0ms)
		RebuildScriptCaches (0ms)
		SetupLoadedEditorAssemblies (2285ms)
			LogAssemblyErrors (0ms)
			InitializePlatformSupportModulesInManaged (6ms)
			SetLoadedEditorAssemblies (18ms)
			BeforeProcessingInitializeOnLoad (268ms)
			ProcessInitializeOnLoadAttributes (1615ms)
			ProcessInitializeOnLoadMethodAttributes (354ms)
			AfterProcessingInitializeOnLoad (24ms)
			EditorAssembliesLoaded (1ms)
		ExecutionOrderSort2 (0ms)
		AwakeInstancesAfterBackupRestoration (19ms)
Launched and connected shader compiler UnityShaderCompiler.exe after 0.04 seconds
Refreshing native plugins compatible for Editor in 7.32 ms, found 4 plugins.
Preloading 0 native plugins for Editor in 0.00 ms.
Unloading 220 Unused Serialized files (Serialized files now loaded: 0)
Unloading 6519 unused Assets / (4.9 MB). Loaded Objects now: 7311.
Memory consumption went from 199.8 MB to 194.9 MB.
Total: 29.288700 ms (FindLiveObjects: 1.805000 ms CreateObjectMapping: 2.642000 ms MarkObjects: 15.325100 ms  DeleteObjects: 9.514000 ms)

========================================================================
Received Import Request.
  Time since last request: 409626.307422 seconds.
  path: Assets/Scenes
  artifactKey: Guid(02a2e4bb02fe1344ea3f7fde66b7ae2d) Importer(815301076,1909f56bfc062723c751e8b465ee728b)
Start importing Assets/Scenes using Guid(02a2e4bb02fe1344ea3f7fde66b7ae2d) Importer(815301076,1909f56bfc062723c751e8b465ee728b) (PreviewImporter) -> (artifact id: '5f29e6e4a015c0f377facf9ce4513a65') in 0.0136276 seconds
Number of updated asset objects reloaded before import = 0Number of asset objects unloaded after import = 0

========================================================================
Received Import Request.
  Time since last request: 34.739526 seconds.
  path: Assets/_scripts
  artifactKey: Guid(58b00f15c9e7b3e439aa7fafe6a9c08a) Importer(815301076,1909f56bfc062723c751e8b465ee728b)
Start importing Assets/_scripts using Guid(58b00f15c9e7b3e439aa7fafe6a9c08a) Importer(815301076,1909f56bfc062723c751e8b465ee728b) (PreviewImporter) -> (artifact id: '7cd3846c96ac979eed51d38458700655') in 0.0016324 seconds
Number of updated asset objects reloaded before import = 0Number of asset objects unloaded after import = 0

========================================================================
Received Import Request.
  Time since last request: 57.775348 seconds.
  path: Assets/_scripts/_Managers
  artifactKey: Guid(632592ab03b9327438e97752beb4958b) Importer(815301076,1909f56bfc062723c751e8b465ee728b)
Start importing Assets/_scripts/_Managers using Guid(632592ab03b9327438e97752beb4958b) Importer(815301076,1909f56bfc062723c751e8b465ee728b) (PreviewImporter) -> (artifact id: '416a9c3c444e8d8a389b4779d8f6d91e') in 0.0013694 seconds
Number of updated asset objects reloaded before import = 0Number of asset objects unloaded after import = 0

========================================================================
Received Import Request.
  Time since last request: 1.524602 seconds.
  path: Assets/_scripts/_Managers/DialogueManager.cs
  artifactKey: Guid(1a03e3508d631f945b0abe6b07c3c323) Importer(815301076,1909f56bfc062723c751e8b465ee728b)
Start importing Assets/_scripts/_Managers/DialogueManager.cs using Guid(1a03e3508d631f945b0abe6b07c3c323) Importer(815301076,1909f56bfc062723c751e8b465ee728b) (PreviewImporter) -> (artifact id: '22ffcd91c474a896fff03e352e18e708') in 0.0008897 seconds
Number of updated asset objects reloaded before import = 0Number of asset objects unloaded after import = 0

========================================================================
Received Prepare
Begin MonoManager ReloadAssembly
- Loaded All Assemblies, in  2.173 seconds
Refreshing native plugins compatible for Editor in 7.09 ms, found 4 plugins.
Native extension for WindowsStandalone target not found
Mono: successfully reloaded assembly
- Finished resetting the current domain, in  4.633 seconds
Domain Reload Profiling: 6797ms
	BeginReloadAssembly (559ms)
		ExecutionOrderSort (0ms)
		DisableScriptedObjects (38ms)
		BackupInstance (0ms)
		ReleaseScriptingObjects (1ms)
		CreateAndSetChildDomain (139ms)
	RebuildCommonClasses (99ms)
	RebuildNativeTypeToScriptingClass (35ms)
	initialDomainReloadingComplete (73ms)
	LoadAllAssembliesAndSetupDomain (1397ms)
		LoadAssemblies (1069ms)
		RebuildTransferFunctionScriptingTraits (0ms)
		AnalyzeDomain (611ms)
			TypeCache.Refresh (19ms)
				TypeCache.ScanAssembly (0ms)
			BuildScriptInfoCaches (556ms)
			ResolveRequiredComponents (28ms)
	FinalizeReload (4635ms)
		ReleaseScriptCaches (0ms)
		RebuildScriptCaches (0ms)
		SetupLoadedEditorAssemblies (3373ms)
			LogAssemblyErrors (0ms)
			InitializePlatformSupportModulesInManaged (8ms)
			SetLoadedEditorAssemblies (17ms)
			BeforeProcessingInitializeOnLoad (425ms)
			ProcessInitializeOnLoadAttributes (2603ms)
			ProcessInitializeOnLoadMethodAttributes (291ms)
			AfterProcessingInitializeOnLoad (28ms)
			EditorAssembliesLoaded (1ms)
		ExecutionOrderSort2 (0ms)
		AwakeInstancesAfterBackupRestoration (40ms)
Refreshing native plugins compatible for Editor in 6.59 ms, found 4 plugins.
Preloading 0 native plugins for Editor in 0.00 ms.
Unloading 13 Unused Serialized files (Serialized files now loaded: 0)
Unloading 6517 unused Assets / (4.0 MB). Loaded Objects now: 7316.
Memory consumption went from 165.9 MB to 161.9 MB.
Total: 34.575800 ms (FindLiveObjects: 2.240400 ms CreateObjectMapping: 4.561600 ms MarkObjects: 18.660100 ms  DeleteObjects: 9.111000 ms)

Prepare: number of updated asset objects reloaded= 0
========================================================================
Received Prepare
Begin MonoManager ReloadAssembly
- Loaded All Assemblies, in  2.132 seconds
Refreshing native plugins compatible for Editor in 4.95 ms, found 4 plugins.
Native extension for WindowsStandalone target not found
Mono: successfully reloaded assembly
- Finished resetting the current domain, in  3.108 seconds
Domain Reload Profiling: 5232ms
	BeginReloadAssembly (557ms)
		ExecutionOrderSort (0ms)
		DisableScriptedObjects (38ms)
		BackupInstance (0ms)
		ReleaseScriptingObjects (0ms)
		CreateAndSetChildDomain (127ms)
	RebuildCommonClasses (106ms)
	RebuildNativeTypeToScriptingClass (27ms)
	initialDomainReloadingComplete (84ms)
	LoadAllAssembliesAndSetupDomain (1349ms)
		LoadAssemblies (1035ms)
		RebuildTransferFunctionScriptingTraits (0ms)
		AnalyzeDomain (609ms)
			TypeCache.Refresh (15ms)
				TypeCache.ScanAssembly (0ms)
			BuildScriptInfoCaches (555ms)
			ResolveRequiredComponents (32ms)
	FinalizeReload (3109ms)
		ReleaseScriptCaches (0ms)
		RebuildScriptCaches (0ms)
		SetupLoadedEditorAssemblies (2060ms)
			LogAssemblyErrors (0ms)
			InitializePlatformSupportModulesInManaged (7ms)
			SetLoadedEditorAssemblies (12ms)
			BeforeProcessingInitializeOnLoad (251ms)
			ProcessInitializeOnLoadAttributes (1530ms)
			ProcessInitializeOnLoadMethodAttributes (232ms)
			AfterProcessingInitializeOnLoad (28ms)
			EditorAssembliesLoaded (1ms)
		ExecutionOrderSort2 (0ms)
		AwakeInstancesAfterBackupRestoration (42ms)
Refreshing native plugins compatible for Editor in 6.87 ms, found 4 plugins.
Preloading 0 native plugins for Editor in 0.00 ms.
Unloading 13 Unused Serialized files (Serialized files now loaded: 0)
Unloading 6517 unused Assets / (4.7 MB). Loaded Objects now: 7318.
Memory consumption went from 165.9 MB to 161.2 MB.
Total: 30.490800 ms (FindLiveObjects: 1.608800 ms CreateObjectMapping: 2.960200 ms MarkObjects: 15.571400 ms  DeleteObjects: 10.346200 ms)

Prepare: number of updated asset objects reloaded= 0
========================================================================
Received Prepare
Refreshing native plugins compatible for Editor in 6.19 ms, found 4 plugins.
Preloading 0 native plugins for Editor in 0.00 ms.
Unloading 13 Unused Serialized files (Serialized files now loaded: 0)
Unloading 6507 unused Assets / (2.1 MB). Loaded Objects now: 7319.
Memory consumption went from 166.1 MB to 164.0 MB.
Total: 174.283000 ms (FindLiveObjects: 3.022000 ms CreateObjectMapping: 2.805600 ms MarkObjects: 158.799900 ms  DeleteObjects: 9.652100 ms)

Prepare: number of updated asset objects reloaded= 0
========================================================================
Received Prepare
Refreshing native plugins compatible for Editor in 5.35 ms, found 4 plugins.
Preloading 0 native plugins for Editor in 0.00 ms.
Unloading 13 Unused Serialized files (Serialized files now loaded: 0)
Unloading 6507 unused Assets / (3.3 MB). Loaded Objects now: 7319.
Memory consumption went from 166.1 MB to 162.8 MB.
Total: 30.901100 ms (FindLiveObjects: 1.460700 ms CreateObjectMapping: 2.815300 ms MarkObjects: 18.590200 ms  DeleteObjects: 8.032200 ms)

Prepare: number of updated asset objects reloaded= 0
========================================================================
Received Prepare
Refreshing native plugins compatible for Editor in 7.13 ms, found 4 plugins.
Preloading 0 native plugins for Editor in 0.00 ms.
Unloading 13 Unused Serialized files (Serialized files now loaded: 0)
Unloading 6507 unused Assets / (4.7 MB). Loaded Objects now: 7319.
Memory consumption went from 166.1 MB to 161.4 MB.
Total: 30.910900 ms (FindLiveObjects: 1.887900 ms CreateObjectMapping: 2.803600 ms MarkObjects: 17.647900 ms  DeleteObjects: 8.567500 ms)

Prepare: number of updated asset objects reloaded= 0
========================================================================
Received Prepare
Refreshing native plugins compatible for Editor in 5.50 ms, found 4 plugins.
Preloading 0 native plugins for Editor in 0.00 ms.
Unloading 13 Unused Serialized files (Serialized files now loaded: 0)
Unloading 6507 unused Assets / (4.1 MB). Loaded Objects now: 7319.
Memory consumption went from 166.1 MB to 162.0 MB.
Total: 29.529400 ms (FindLiveObjects: 1.643100 ms CreateObjectMapping: 2.556600 ms MarkObjects: 16.846800 ms  DeleteObjects: 8.479900 ms)

Prepare: number of updated asset objects reloaded= 0
========================================================================
Received Prepare
Begin MonoManager ReloadAssembly
- Loaded All Assemblies, in  6.089 seconds
Refreshing native plugins compatible for Editor in 5.48 ms, found 4 plugins.
Native extension for WindowsStandalone target not found
Mono: successfully reloaded assembly
- Finished resetting the current domain, in  2.900 seconds
Domain Reload Profiling: 8985ms
	BeginReloadAssembly (1655ms)
		ExecutionOrderSort (0ms)
		DisableScriptedObjects (134ms)
		BackupInstance (0ms)
		ReleaseScriptingObjects (1ms)
		CreateAndSetChildDomain (431ms)
	RebuildCommonClasses (173ms)
	RebuildNativeTypeToScriptingClass (55ms)
	initialDomainReloadingComplete (144ms)
	LoadAllAssembliesAndSetupDomain (4056ms)
		LoadAssemblies (4108ms)
		RebuildTransferFunctionScriptingTraits (0ms)
		AnalyzeDomain (819ms)
			TypeCache.Refresh (38ms)
				TypeCache.ScanAssembly (1ms)
			BuildScriptInfoCaches (721ms)
			ResolveRequiredComponents (45ms)
	FinalizeReload (2902ms)
		ReleaseScriptCaches (0ms)
		RebuildScriptCaches (0ms)
		SetupLoadedEditorAssemblies (1988ms)
			LogAssemblyErrors (0ms)
			InitializePlatformSupportModulesInManaged (7ms)
			SetLoadedEditorAssemblies (12ms)
			BeforeProcessingInitializeOnLoad (299ms)
			ProcessInitializeOnLoadAttributes (1460ms)
			ProcessInitializeOnLoadMethodAttributes (178ms)
			AfterProcessingInitializeOnLoad (31ms)
			EditorAssembliesLoaded (1ms)
		ExecutionOrderSort2 (0ms)
		AwakeInstancesAfterBackupRestoration (34ms)
Refreshing native plugins compatible for Editor in 5.38 ms, found 4 plugins.
Preloading 0 native plugins for Editor in 0.00 ms.
Unloading 13 Unused Serialized files (Serialized files now loaded: 0)
Unloading 6518 unused Assets / (4.5 MB). Loaded Objects now: 7321.
Memory consumption went from 165.9 MB to 161.4 MB.
Total: 27.744900 ms (FindLiveObjects: 1.600200 ms CreateObjectMapping: 2.279200 ms MarkObjects: 16.414700 ms  DeleteObjects: 7.448200 ms)

Prepare: number of updated asset objects reloaded= 0
========================================================================
Received Prepare
Refreshing native plugins compatible for Editor in 8.87 ms, found 4 plugins.
Preloading 0 native plugins for Editor in 0.00 ms.
Unloading 13 Unused Serialized files (Serialized files now loaded: 0)
Unloading 6507 unused Assets / (4.9 MB). Loaded Objects now: 7321.
Memory consumption went from 166.1 MB to 161.2 MB.
Total: 39.289100 ms (FindLiveObjects: 3.184500 ms CreateObjectMapping: 2.965100 ms MarkObjects: 18.735400 ms  DeleteObjects: 14.400200 ms)

Prepare: number of updated asset objects reloaded= 0
========================================================================
Received Prepare
Refreshing native plugins compatible for Editor in 5.06 ms, found 4 plugins.
Preloading 0 native plugins for Editor in 0.00 ms.
Unloading 13 Unused Serialized files (Serialized files now loaded: 0)
Unloading 6507 unused Assets / (4.5 MB). Loaded Objects now: 7321.
Memory consumption went from 166.1 MB to 161.5 MB.
Total: 26.717700 ms (FindLiveObjects: 1.448300 ms CreateObjectMapping: 2.065600 ms MarkObjects: 15.693800 ms  DeleteObjects: 7.506900 ms)

Prepare: number of updated asset objects reloaded= 0
========================================================================
Received Prepare
Refreshing native plugins compatible for Editor in 20.05 ms, found 4 plugins.
Preloading 0 native plugins for Editor in 0.00 ms.
Unloading 13 Unused Serialized files (Serialized files now loaded: 0)
Unloading 6507 unused Assets / (4.1 MB). Loaded Objects now: 7321.
Memory consumption went from 166.1 MB to 161.9 MB.
Total: 35.814400 ms (FindLiveObjects: 1.801300 ms CreateObjectMapping: 5.247900 ms MarkObjects: 15.572100 ms  DeleteObjects: 13.190300 ms)

Prepare: number of updated asset objects reloaded= 0
========================================================================
Received Prepare
Refreshing native plugins compatible for Editor in 5.55 ms, found 4 plugins.
Preloading 0 native plugins for Editor in 0.00 ms.
Unloading 13 Unused Serialized files (Serialized files now loaded: 0)
Unloading 6507 unused Assets / (4.4 MB). Loaded Objects now: 7321.
Memory consumption went from 166.1 MB to 161.7 MB.
Total: 29.418800 ms (FindLiveObjects: 1.722600 ms CreateObjectMapping: 2.432700 ms MarkObjects: 16.714000 ms  DeleteObjects: 8.545700 ms)

Prepare: number of updated asset objects reloaded= 0
========================================================================
Received Prepare
Refreshing native plugins compatible for Editor in 6.34 ms, found 4 plugins.
Preloading 0 native plugins for Editor in 0.00 ms.
Unloading 13 Unused Serialized files (Serialized files now loaded: 0)
Unloading 6507 unused Assets / (4.7 MB). Loaded Objects now: 7321.
Memory consumption went from 166.1 MB to 161.3 MB.
Total: 31.829600 ms (FindLiveObjects: 2.485300 ms CreateObjectMapping: 2.298000 ms MarkObjects: 18.750400 ms  DeleteObjects: 8.292000 ms)

Prepare: number of updated asset objects reloaded= 0
========================================================================
Received Prepare
Refreshing native plugins compatible for Editor in 6.46 ms, found 4 plugins.
Preloading 0 native plugins for Editor in 0.00 ms.
Unloading 13 Unused Serialized files (Serialized files now loaded: 0)
Unloading 6507 unused Assets / (5.2 MB). Loaded Objects now: 7321.
Memory consumption went from 166.1 MB to 160.9 MB.
Total: 40.012100 ms (FindLiveObjects: 1.528500 ms CreateObjectMapping: 2.388800 ms MarkObjects: 15.870800 ms  DeleteObjects: 20.220200 ms)

Prepare: number of updated asset objects reloaded= 0
========================================================================
Received Prepare
Refreshing native plugins compatible for Editor in 5.71 ms, found 4 plugins.
Preloading 0 native plugins for Editor in 0.00 ms.
Unloading 13 Unused Serialized files (Serialized files now loaded: 0)
Unloading 6507 unused Assets / (4.0 MB). Loaded Objects now: 7321.
Memory consumption went from 166.1 MB to 162.1 MB.
Total: 31.619300 ms (FindLiveObjects: 1.836700 ms CreateObjectMapping: 2.571000 ms MarkObjects: 18.410700 ms  DeleteObjects: 8.796900 ms)

Prepare: number of updated asset objects reloaded= 0
========================================================================
Received Prepare
Refreshing native plugins compatible for Editor in 5.89 ms, found 4 plugins.
Preloading 0 native plugins for Editor in 0.00 ms.
Unloading 13 Unused Serialized files (Serialized files now loaded: 0)
Unloading 6507 unused Assets / (4.7 MB). Loaded Objects now: 7321.
Memory consumption went from 166.1 MB to 161.3 MB.
Total: 64.166100 ms (FindLiveObjects: 1.672900 ms CreateObjectMapping: 2.858600 ms MarkObjects: 50.905700 ms  DeleteObjects: 8.725200 ms)

Prepare: number of updated asset objects reloaded= 0
========================================================================
Received Prepare
Refreshing native plugins compatible for Editor in 5.37 ms, found 4 plugins.
Preloading 0 native plugins for Editor in 0.00 ms.
Unloading 13 Unused Serialized files (Serialized files now loaded: 0)
Unloading 6507 unused Assets / (4.5 MB). Loaded Objects now: 7321.
Memory consumption went from 166.1 MB to 161.5 MB.
Total: 26.238000 ms (FindLiveObjects: 1.578900 ms CreateObjectMapping: 2.414200 ms MarkObjects: 15.934500 ms  DeleteObjects: 6.307100 ms)

Prepare: number of updated asset objects reloaded= 0
========================================================================
Received Prepare
Refreshing native plugins compatible for Editor in 5.90 ms, found 4 plugins.
Preloading 0 native plugins for Editor in 0.00 ms.
Unloading 13 Unused Serialized files (Serialized files now loaded: 0)
Unloading 6507 unused Assets / (4.8 MB). Loaded Objects now: 7321.
Memory consumption went from 166.1 MB to 161.2 MB.
Total: 32.176500 ms (FindLiveObjects: 1.660100 ms CreateObjectMapping: 2.235500 ms MarkObjects: 19.054400 ms  DeleteObjects: 9.224100 ms)

Prepare: number of updated asset objects reloaded= 0
========================================================================
Received Prepare
Refreshing native plugins compatible for Editor in 5.64 ms, found 4 plugins.
Preloading 0 native plugins for Editor in 0.00 ms.
Unloading 13 Unused Serialized files (Serialized files now loaded: 0)
Unloading 6507 unused Assets / (4.7 MB). Loaded Objects now: 7321.
Memory consumption went from 166.1 MB to 161.4 MB.
Total: 30.027500 ms (FindLiveObjects: 1.709900 ms CreateObjectMapping: 2.660300 ms MarkObjects: 17.366400 ms  DeleteObjects: 8.287100 ms)

Prepare: number of updated asset objects reloaded= 0
========================================================================
Received Prepare
Refreshing native plugins compatible for Editor in 6.40 ms, found 4 plugins.
Preloading 0 native plugins for Editor in 0.00 ms.
Unloading 13 Unused Serialized files (Serialized files now loaded: 0)
Unloading 6507 unused Assets / (3.2 MB). Loaded Objects now: 7321.
Memory consumption went from 166.1 MB to 162.8 MB.
Total: 58.381800 ms (FindLiveObjects: 1.786800 ms CreateObjectMapping: 3.865900 ms MarkObjects: 26.032100 ms  DeleteObjects: 26.694400 ms)

Prepare: number of updated asset objects reloaded= 0
========================================================================
Received Prepare
Refreshing native plugins compatible for Editor in 3.95 ms, found 4 plugins.
Preloading 0 native plugins for Editor in 0.00 ms.
Unloading 13 Unused Serialized files (Serialized files now loaded: 0)
Unloading 6507 unused Assets / (5.6 MB). Loaded Objects now: 7321.
Memory consumption went from 166.1 MB to 160.4 MB.
Total: 22.762400 ms (FindLiveObjects: 1.326700 ms CreateObjectMapping: 1.361700 ms MarkObjects: 12.477800 ms  DeleteObjects: 7.593400 ms)

Prepare: number of updated asset objects reloaded= 0
========================================================================
Received Prepare
Refreshing native plugins compatible for Editor in 6.84 ms, found 4 plugins.
Preloading 0 native plugins for Editor in 0.00 ms.
Unloading 13 Unused Serialized files (Serialized files now loaded: 0)
Unloading 6507 unused Assets / (4.9 MB). Loaded Objects now: 7321.
Memory consumption went from 166.1 MB to 161.1 MB.
Total: 35.212400 ms (FindLiveObjects: 1.969500 ms CreateObjectMapping: 2.575900 ms MarkObjects: 19.421800 ms  DeleteObjects: 11.242400 ms)

Prepare: number of updated asset objects reloaded= 0
========================================================================
Received Prepare
Refreshing native plugins compatible for Editor in 10.86 ms, found 4 plugins.
Preloading 0 native plugins for Editor in 0.00 ms.
Unloading 13 Unused Serialized files (Serialized files now loaded: 0)
Unloading 6507 unused Assets / (4.5 MB). Loaded Objects now: 7321.
Memory consumption went from 166.1 MB to 161.6 MB.
Total: 53.628300 ms (FindLiveObjects: 1.873100 ms CreateObjectMapping: 4.296600 ms MarkObjects: 32.366800 ms  DeleteObjects: 15.088300 ms)

Prepare: number of updated asset objects reloaded= 0
========================================================================
Received Prepare
Refreshing native plugins compatible for Editor in 5.39 ms, found 4 plugins.
Preloading 0 native plugins for Editor in 0.00 ms.
Unloading 13 Unused Serialized files (Serialized files now loaded: 0)
Unloading 6507 unused Assets / (4.7 MB). Loaded Objects now: 7321.
Memory consumption went from 166.1 MB to 161.4 MB.
Total: 29.782900 ms (FindLiveObjects: 1.493000 ms CreateObjectMapping: 2.147400 ms MarkObjects: 17.828200 ms  DeleteObjects: 8.311000 ms)

Prepare: number of updated asset objects reloaded= 0
========================================================================
Received Import Request.
  Time since last request: 10088.138456 seconds.
  path: Assets/_scripts/_scriptables/DialogueEventChoice.cs
  artifactKey: Guid(2afce3a6399db004bb87347e745a839e) Importer(815301076,1909f56bfc062723c751e8b465ee728b)
Start importing Assets/_scripts/_scriptables/DialogueEventChoice.cs using Guid(2afce3a6399db004bb87347e745a839e) Importer(815301076,1909f56bfc062723c751e8b465ee728b) (PreviewImporter) -> (artifact id: 'a9cbf177c6c3129caf79f762fd8e2425') in 0.0389151 seconds
Number of updated asset objects reloaded before import = 0Number of asset objects unloaded after import = 0

========================================================================
Received Import Request.
  Time since last request: 21.294608 seconds.
  path: Assets
  artifactKey: Guid(00000000000000001000000000000000) Importer(815301076,1909f56bfc062723c751e8b465ee728b)
Start importing Assets using Guid(00000000000000001000000000000000) Importer(815301076,1909f56bfc062723c751e8b465ee728b) (PreviewImporter) -> (artifact id: 'c391582d739b6e62a5220f35cbb167ac') in 0.0012811 seconds
Number of updated asset objects reloaded before import = 0Number of asset objects unloaded after import = 0

========================================================================
Received Prepare
Refreshing native plugins compatible for Editor in 6.46 ms, found 4 plugins.
Preloading 0 native plugins for Editor in 0.00 ms.
Unloading 13 Unused Serialized files (Serialized files now loaded: 0)
Unloading 6507 unused Assets / (4.5 MB). Loaded Objects now: 7321.
Memory consumption went from 166.1 MB to 161.5 MB.
Total: 34.289600 ms (FindLiveObjects: 1.990200 ms CreateObjectMapping: 2.833000 ms MarkObjects: 19.755500 ms  DeleteObjects: 9.707200 ms)

Prepare: number of updated asset objects reloaded= 0
========================================================================
Received Import Request.
  Time since last request: 38.646270 seconds.
  path: Assets/_scripts/_scriptables/DialogueEventChoice.cs
  artifactKey: Guid(2afce3a6399db004bb87347e745a839e) Importer(815301076,1909f56bfc062723c751e8b465ee728b)
Start importing Assets/_scripts/_scriptables/DialogueEventChoice.cs using Guid(2afce3a6399db004bb87347e745a839e) Importer(815301076,1909f56bfc062723c751e8b465ee728b) (PreviewImporter) -> (artifact id: '566816c3bc1a8768752cd0f930b7c5ed') in 0.0016083 seconds
Number of updated asset objects reloaded before import = 0Number of asset objects unloaded after import = 0

========================================================================
Received Prepare
Refreshing native plugins compatible for Editor in 10.07 ms, found 4 plugins.
Preloading 0 native plugins for Editor in 0.00 ms.
Unloading 13 Unused Serialized files (Serialized files now loaded: 0)
Unloading 6507 unused Assets / (3.5 MB). Loaded Objects now: 7321.
Memory consumption went from 166.1 MB to 162.5 MB.
Total: 53.326400 ms (FindLiveObjects: 2.689400 ms CreateObjectMapping: 3.835100 ms MarkObjects: 34.601600 ms  DeleteObjects: 12.196700 ms)

Prepare: number of updated asset objects reloaded= 0
========================================================================
Received Import Request.
  Time since last request: 291.136513 seconds.
  path: Assets/_scripts/_scriptables/NarrativeEvent - Copy.cs
  artifactKey: Guid(d7e5f2dd42332ef4f9d07e789dea0e03) Importer(815301076,1909f56bfc062723c751e8b465ee728b)
Start importing Assets/_scripts/_scriptables/NarrativeEvent - Copy.cs using Guid(d7e5f2dd42332ef4f9d07e789dea0e03) Importer(815301076,1909f56bfc062723c751e8b465ee728b) (PreviewImporter) -> (artifact id: '4ddd03682823765d17e298f42af146ea') in 0.00216 seconds
Number of updated asset objects reloaded before import = 0Number of asset objects unloaded after import = 0

========================================================================
Received Prepare
Refreshing native plugins compatible for Editor in 5.98 ms, found 4 plugins.
Preloading 0 native plugins for Editor in 0.00 ms.
Unloading 13 Unused Serialized files (Serialized files now loaded: 0)
Unloading 6506 unused Assets / (5.0 MB). Loaded Objects now: 7320.
Memory consumption went from 166.1 MB to 161.1 MB.
Total: 29.474100 ms (FindLiveObjects: 1.587700 ms CreateObjectMapping: 2.179500 ms MarkObjects: 16.108500 ms  DeleteObjects: 9.595400 ms)

Prepare: number of updated asset objects reloaded= 0
========================================================================
Received Import Request.
  Time since last request: 99.352875 seconds.
  path: Assets/_scripts/_scriptables
  artifactKey: Guid(65fcda56939a2db429ee34bf355a834b) Importer(815301076,1909f56bfc062723c751e8b465ee728b)
Start importing Assets/_scripts/_scriptables using Guid(65fcda56939a2db429ee34bf355a834b) Importer(815301076,1909f56bfc062723c751e8b465ee728b) (PreviewImporter) -> (artifact id: '38aa7ea00d506aeb3fcfa6f95bbc5811') in 0.0026231 seconds
Number of updated asset objects reloaded before import = 0Number of asset objects unloaded after import = 0

========================================================================
Received Import Request.
  Time since last request: 15.715089 seconds.
  path: Assets/_scripts/_scriptables/DialogueEvent.cs
  artifactKey: Guid(2afce3a6399db004bb87347e745a839e) Importer(815301076,1909f56bfc062723c751e8b465ee728b)
Start importing Assets/_scripts/_scriptables/DialogueEvent.cs using Guid(2afce3a6399db004bb87347e745a839e) Importer(815301076,1909f56bfc062723c751e8b465ee728b) (PreviewImporter) -> (artifact id: '682c2cf8f05926a3a05e52ca6238b65b') in 0.0020918 seconds
Number of updated asset objects reloaded before import = 0Number of asset objects unloaded after import = 0

========================================================================
Received Prepare
Refreshing native plugins compatible for Editor in 8.15 ms, found 4 plugins.
Preloading 0 native plugins for Editor in 0.00 ms.
Unloading 13 Unused Serialized files (Serialized files now loaded: 0)
Unloading 6507 unused Assets / (4.7 MB). Loaded Objects now: 7321.
Memory consumption went from 166.1 MB to 161.4 MB.
Total: 34.466500 ms (FindLiveObjects: 1.555900 ms CreateObjectMapping: 3.106200 ms MarkObjects: 20.737900 ms  DeleteObjects: 9.063100 ms)

Prepare: number of updated asset objects reloaded= 0
========================================================================
Received Import Request.
  Time since last request: 142.832425 seconds.
  path: Assets/_scripts/_scriptables/DialogueEvent.cs
  artifactKey: Guid(2afce3a6399db004bb87347e745a839e) Importer(815301076,1909f56bfc062723c751e8b465ee728b)
Start importing Assets/_scripts/_scriptables/DialogueEvent.cs using Guid(2afce3a6399db004bb87347e745a839e) Importer(815301076,1909f56bfc062723c751e8b465ee728b) (PreviewImporter) -> (artifact id: '682c2cf8f05926a3a05e52ca6238b65b') in 0.002677 seconds
Number of updated asset objects reloaded before import = 0Number of asset objects unloaded after import = 0

========================================================================
Received Prepare
Refreshing native plugins compatible for Editor in 9.86 ms, found 4 plugins.
Preloading 0 native plugins for Editor in 0.00 ms.
Unloading 13 Unused Serialized files (Serialized files now loaded: 0)
Unloading 6507 unused Assets / (4.7 MB). Loaded Objects now: 7321.
Memory consumption went from 166.1 MB to 161.4 MB.
Total: 50.525900 ms (FindLiveObjects: 2.260100 ms CreateObjectMapping: 3.764900 ms MarkObjects: 35.391200 ms  DeleteObjects: 9.105800 ms)

Prepare: number of updated asset objects reloaded= 0
========================================================================
Received Import Request.
  Time since last request: 464.096634 seconds.
  path: Assets/_scripts/_scriptables/DialogueEvent.cs
  artifactKey: Guid(2afce3a6399db004bb87347e745a839e) Importer(815301076,1909f56bfc062723c751e8b465ee728b)
Start importing Assets/_scripts/_scriptables/DialogueEvent.cs using Guid(2afce3a6399db004bb87347e745a839e) Importer(815301076,1909f56bfc062723c751e8b465ee728b) (PreviewImporter) -> (artifact id: '682c2cf8f05926a3a05e52ca6238b65b') in 0.0019417 seconds
Number of updated asset objects reloaded before import = 0Number of asset objects unloaded after import = 0

========================================================================
Received Prepare
Refreshing native plugins compatible for Editor in 7.79 ms, found 4 plugins.
Preloading 0 native plugins for Editor in 0.00 ms.
Unloading 13 Unused Serialized files (Serialized files now loaded: 0)
Unloading 6507 unused Assets / (4.6 MB). Loaded Objects now: 7321.
Memory consumption went from 166.1 MB to 161.5 MB.
Total: 33.405500 ms (FindLiveObjects: 1.939900 ms CreateObjectMapping: 2.361100 ms MarkObjects: 19.531700 ms  DeleteObjects: 9.568800 ms)

Prepare: number of updated asset objects reloaded= 0
========================================================================
Received Prepare
Refreshing native plugins compatible for Editor in 6.60 ms, found 4 plugins.
Preloading 0 native plugins for Editor in 0.00 ms.
Unloading 13 Unused Serialized files (Serialized files now loaded: 0)
Unloading 6507 unused Assets / (4.4 MB). Loaded Objects now: 7321.
Memory consumption went from 166.1 MB to 161.6 MB.
Total: 31.600500 ms (FindLiveObjects: 1.581800 ms CreateObjectMapping: 2.656600 ms MarkObjects: 19.106200 ms  DeleteObjects: 8.252600 ms)

Prepare: number of updated asset objects reloaded= 0
========================================================================
Received Import Request.
  Time since last request: 428.390315 seconds.
  path: Assets/_scripts/_scriptables/DialogueEvent.cs
  artifactKey: Guid(2afce3a6399db004bb87347e745a839e) Importer(815301076,1909f56bfc062723c751e8b465ee728b)
Start importing Assets/_scripts/_scriptables/DialogueEvent.cs using Guid(2afce3a6399db004bb87347e745a839e) Importer(815301076,1909f56bfc062723c751e8b465ee728b) (PreviewImporter) -> (artifact id: '682c2cf8f05926a3a05e52ca6238b65b') in 0.0019951 seconds
Number of updated asset objects reloaded before import = 0Number of asset objects unloaded after import = 0

========================================================================
Received Prepare
Refreshing native plugins compatible for Editor in 7.72 ms, found 4 plugins.
Preloading 0 native plugins for Editor in 0.00 ms.
Unloading 13 Unused Serialized files (Serialized files now loaded: 0)
Unloading 6507 unused Assets / (4.9 MB). Loaded Objects now: 7321.
Memory consumption went from 166.1 MB to 161.2 MB.
Total: 138.581400 ms (FindLiveObjects: 1.542600 ms CreateObjectMapping: 2.401900 ms MarkObjects: 33.560700 ms  DeleteObjects: 101.071200 ms)

Prepare: number of updated asset objects reloaded= 0
========================================================================
Received Import Request.
  Time since last request: 40.742693 seconds.
  path: Assets/_scripts/_scriptables/DialogueEvent.cs
  artifactKey: Guid(2afce3a6399db004bb87347e745a839e) Importer(815301076,1909f56bfc062723c751e8b465ee728b)
Start importing Assets/_scripts/_scriptables/DialogueEvent.cs using Guid(2afce3a6399db004bb87347e745a839e) Importer(815301076,1909f56bfc062723c751e8b465ee728b) (PreviewImporter) -> (artifact id: '682c2cf8f05926a3a05e52ca6238b65b') in 0.0073699 seconds
Number of updated asset objects reloaded before import = 0Number of asset objects unloaded after import = 0

========================================================================
Received Prepare
Refreshing native plugins compatible for Editor in 6.06 ms, found 4 plugins.
Preloading 0 native plugins for Editor in 0.00 ms.
Unloading 13 Unused Serialized files (Serialized files now loaded: 0)
Unloading 6507 unused Assets / (4.9 MB). Loaded Objects now: 7321.
Memory consumption went from 166.1 MB to 161.2 MB.
Total: 32.626000 ms (FindLiveObjects: 1.781400 ms CreateObjectMapping: 2.588400 ms MarkObjects: 19.138600 ms  DeleteObjects: 9.114300 ms)

Prepare: number of updated asset objects reloaded= 0
========================================================================
Received Import Request.
  Time since last request: 65.688576 seconds.
  path: Assets/_scripts/_scriptables/DialogueEvent.cs
  artifactKey: Guid(2afce3a6399db004bb87347e745a839e) Importer(815301076,1909f56bfc062723c751e8b465ee728b)
Start importing Assets/_scripts/_scriptables/DialogueEvent.cs using Guid(2afce3a6399db004bb87347e745a839e) Importer(815301076,1909f56bfc062723c751e8b465ee728b) (PreviewImporter) -> (artifact id: '682c2cf8f05926a3a05e52ca6238b65b') in 0.0017352 seconds
Number of updated asset objects reloaded before import = 0Number of asset objects unloaded after import = 0

========================================================================
Received Prepare
Refreshing native plugins compatible for Editor in 8.11 ms, found 4 plugins.
Preloading 0 native plugins for Editor in 0.00 ms.
Unloading 13 Unused Serialized files (Serialized files now loaded: 0)
Unloading 6507 unused Assets / (4.4 MB). Loaded Objects now: 7321.
Memory consumption went from 166.1 MB to 161.7 MB.
Total: 35.902600 ms (FindLiveObjects: 1.647500 ms CreateObjectMapping: 4.543000 ms MarkObjects: 20.404800 ms  DeleteObjects: 9.303400 ms)

Prepare: number of updated asset objects reloaded= 0
========================================================================
Received Prepare
Refreshing native plugins compatible for Editor in 7.13 ms, found 4 plugins.
Preloading 0 native plugins for Editor in 0.00 ms.
Unloading 13 Unused Serialized files (Serialized files now loaded: 0)
Unloading 6507 unused Assets / (4.6 MB). Loaded Objects now: 7321.
Memory consumption went from 166.1 MB to 161.5 MB.
Total: 32.153200 ms (FindLiveObjects: 2.446500 ms CreateObjectMapping: 2.699600 ms MarkObjects: 17.989500 ms  DeleteObjects: 9.014300 ms)

Prepare: number of updated asset objects reloaded= 0
========================================================================
Received Import Request.
  Time since last request: 403.377288 seconds.
  path: Assets/_scripts/_scriptables/NarrativeEvents/DialogueEvent.cs
  artifactKey: Guid(2afce3a6399db004bb87347e745a839e) Importer(815301076,1909f56bfc062723c751e8b465ee728b)
Start importing Assets/_scripts/_scriptables/NarrativeEvents/DialogueEvent.cs using Guid(2afce3a6399db004bb87347e745a839e) Importer(815301076,1909f56bfc062723c751e8b465ee728b) (PreviewImporter) -> (artifact id: '48ede5bd1d12ab4d89ecc7e5673d72e7') in 0.0022954 seconds
Number of updated asset objects reloaded before import = 0Number of asset objects unloaded after import = 0

========================================================================
Received Prepare
Refreshing native plugins compatible for Editor in 7.07 ms, found 4 plugins.
Preloading 0 native plugins for Editor in 0.00 ms.
Unloading 13 Unused Serialized files (Serialized files now loaded: 0)
Unloading 6507 unused Assets / (4.7 MB). Loaded Objects now: 7321.
Memory consumption went from 166.1 MB to 161.4 MB.
Total: 34.174700 ms (FindLiveObjects: 1.990700 ms CreateObjectMapping: 2.670400 ms MarkObjects: 19.933700 ms  DeleteObjects: 9.576900 ms)

Prepare: number of updated asset objects reloaded= 0
========================================================================
Received Import Request.
  Time since last request: 34.411657 seconds.
  path: Assets/_scripts/_scriptables/NarrativeEvents/DialogueEvent.cs
  artifactKey: Guid(2afce3a6399db004bb87347e745a839e) Importer(815301076,1909f56bfc062723c751e8b465ee728b)
Start importing Assets/_scripts/_scriptables/NarrativeEvents/DialogueEvent.cs using Guid(2afce3a6399db004bb87347e745a839e) Importer(815301076,1909f56bfc062723c751e8b465ee728b) (PreviewImporter) -> (artifact id: '5f07e1b4e8fc826647461cda0d62b6ac') in 0.002338 seconds
Number of updated asset objects reloaded before import = 0Number of asset objects unloaded after import = 0

========================================================================
Received Prepare
Refreshing native plugins compatible for Editor in 8.79 ms, found 4 plugins.
Preloading 0 native plugins for Editor in 0.00 ms.
Unloading 13 Unused Serialized files (Serialized files now loaded: 0)
Unloading 6507 unused Assets / (4.6 MB). Loaded Objects now: 7321.
Memory consumption went from 166.1 MB to 161.5 MB.
Total: 68.505300 ms (FindLiveObjects: 2.141300 ms CreateObjectMapping: 2.652900 ms MarkObjects: 24.176700 ms  DeleteObjects: 39.530200 ms)

Prepare: number of updated asset objects reloaded= 0
========================================================================
Received Import Request.
  Time since last request: 1380.949000 seconds.
  path: Assets/_scripts/_scriptables/NarrativeEvents/DialogueEvent.cs
  artifactKey: Guid(2afce3a6399db004bb87347e745a839e) Importer(815301076,1909f56bfc062723c751e8b465ee728b)
Start importing Assets/_scripts/_scriptables/NarrativeEvents/DialogueEvent.cs using Guid(2afce3a6399db004bb87347e745a839e) Importer(815301076,1909f56bfc062723c751e8b465ee728b) (PreviewImporter) -> (artifact id: '5f07e1b4e8fc826647461cda0d62b6ac') in 0.0031346 seconds
Number of updated asset objects reloaded before import = 0Number of asset objects unloaded after import = 0

========================================================================
Received Prepare
Refreshing native plugins compatible for Editor in 6.71 ms, found 4 plugins.
Preloading 0 native plugins for Editor in 0.00 ms.
Unloading 13 Unused Serialized files (Serialized files now loaded: 0)
Unloading 6506 unused Assets / (4.5 MB). Loaded Objects now: 7320.
Memory consumption went from 166.1 MB to 161.5 MB.
Total: 31.378800 ms (FindLiveObjects: 2.140100 ms CreateObjectMapping: 2.700200 ms MarkObjects: 18.099200 ms  DeleteObjects: 8.433600 ms)

Prepare: number of updated asset objects reloaded= 0
========================================================================
Received Prepare
Refreshing native plugins compatible for Editor in 6.53 ms, found 4 plugins.
Preloading 0 native plugins for Editor in 0.00 ms.
Unloading 13 Unused Serialized files (Serialized files now loaded: 0)
Unloading 6506 unused Assets / (4.4 MB). Loaded Objects now: 7320.
Memory consumption went from 166.1 MB to 161.6 MB.
Total: 31.423900 ms (FindLiveObjects: 1.796800 ms CreateObjectMapping: 2.936600 ms MarkObjects: 17.710000 ms  DeleteObjects: 8.977100 ms)

Prepare: number of updated asset objects reloaded= 0
========================================================================
Received Import Request.
  Time since last request: 642.667188 seconds.
  path: Assets/_scripts/_scriptables/NarrativeEvents/DialogueEvent.cs
  artifactKey: Guid(2afce3a6399db004bb87347e745a839e) Importer(815301076,1909f56bfc062723c751e8b465ee728b)
Start importing Assets/_scripts/_scriptables/NarrativeEvents/DialogueEvent.cs using Guid(2afce3a6399db004bb87347e745a839e) Importer(815301076,1909f56bfc062723c751e8b465ee728b) (PreviewImporter) -> (artifact id: 'a56c7b066628592fbe197d1369626e00') in 0.0018462 seconds
Number of updated asset objects reloaded before import = 0Number of asset objects unloaded after import = 0

========================================================================
Received Prepare
Refreshing native plugins compatible for Editor in 6.62 ms, found 4 plugins.
Preloading 0 native plugins for Editor in 0.00 ms.
Unloading 13 Unused Serialized files (Serialized files now loaded: 0)
Unloading 6506 unused Assets / (4.4 MB). Loaded Objects now: 7320.
Memory consumption went from 166.1 MB to 161.6 MB.
Total: 38.089900 ms (FindLiveObjects: 1.867600 ms CreateObjectMapping: 3.124000 ms MarkObjects: 22.308100 ms  DeleteObjects: 10.786900 ms)

Prepare: number of updated asset objects reloaded= 0
========================================================================
Received Import Request.
  Time since last request: 4.355411 seconds.
  path: Assets/_scripts/_scriptables/NarrativeEvents/DialogueEvent.cs
  artifactKey: Guid(2afce3a6399db004bb87347e745a839e) Importer(815301076,1909f56bfc062723c751e8b465ee728b)
Start importing Assets/_scripts/_scriptables/NarrativeEvents/DialogueEvent.cs using Guid(2afce3a6399db004bb87347e745a839e) Importer(815301076,1909f56bfc062723c751e8b465ee728b) (PreviewImporter) -> (artifact id: 'a56c7b066628592fbe197d1369626e00') in 0.0018914 seconds
Number of updated asset objects reloaded before import = 0Number of asset objects unloaded after import = 0

========================================================================
Received Prepare
Refreshing native plugins compatible for Editor in 7.19 ms, found 4 plugins.
Preloading 0 native plugins for Editor in 0.00 ms.
Unloading 13 Unused Serialized files (Serialized files now loaded: 0)
Unloading 6507 unused Assets / (4.8 MB). Loaded Objects now: 7321.
Memory consumption went from 166.1 MB to 161.3 MB.
Total: 35.894200 ms (FindLiveObjects: 1.976200 ms CreateObjectMapping: 2.639900 ms MarkObjects: 19.990000 ms  DeleteObjects: 11.284300 ms)

Prepare: number of updated asset objects reloaded= 0
========================================================================
Received Prepare
Refreshing native plugins compatible for Editor in 25.02 ms, found 4 plugins.
Preloading 0 native plugins for Editor in 0.00 ms.
Unloading 13 Unused Serialized files (Serialized files now loaded: 0)
Unloading 6507 unused Assets / (5.3 MB). Loaded Objects now: 7321.
Memory consumption went from 166.1 MB to 160.8 MB.
Total: 83.698000 ms (FindLiveObjects: 2.369300 ms CreateObjectMapping: 17.509700 ms MarkObjects: 48.260800 ms  DeleteObjects: 15.554000 ms)

Prepare: number of updated asset objects reloaded= 0
========================================================================
Received Prepare
Refreshing native plugins compatible for Editor in 7.26 ms, found 4 plugins.
Preloading 0 native plugins for Editor in 0.00 ms.
Unloading 13 Unused Serialized files (Serialized files now loaded: 0)
Unloading 6508 unused Assets / (3.5 MB). Loaded Objects now: 7322.
Memory consumption went from 166.1 MB to 162.6 MB.
Total: 43.295600 ms (FindLiveObjects: 2.146500 ms CreateObjectMapping: 3.145000 ms MarkObjects: 24.783800 ms  DeleteObjects: 13.216600 ms)

Prepare: number of updated asset objects reloaded= 0
========================================================================
Received Import Request.
  Time since last request: 385.762572 seconds.
  path: Assets/_scripts/_Managers/BaseNarrativeEventManager.cs
  artifactKey: Guid(c10cecb789bf70d41a969532dec81a0d) Importer(815301076,1909f56bfc062723c751e8b465ee728b)
Start importing Assets/_scripts/_Managers/BaseNarrativeEventManager.cs using Guid(c10cecb789bf70d41a969532dec81a0d) Importer(815301076,1909f56bfc062723c751e8b465ee728b) (PreviewImporter) -> (artifact id: '652acacd16f4fd6b1e3e019fa514eb10') in 0.0082756 seconds
Number of updated asset objects reloaded before import = 0Number of asset objects unloaded after import = 0

========================================================================
Received Prepare
Refreshing native plugins compatible for Editor in 9.17 ms, found 4 plugins.
Preloading 0 native plugins for Editor in 0.00 ms.
Unloading 13 Unused Serialized files (Serialized files now loaded: 0)
Unloading 6508 unused Assets / (4.4 MB). Loaded Objects now: 7322.
Memory consumption went from 166.1 MB to 161.7 MB.
Total: 40.237300 ms (FindLiveObjects: 1.830100 ms CreateObjectMapping: 3.320900 ms MarkObjects: 25.914400 ms  DeleteObjects: 9.167900 ms)

Prepare: number of updated asset objects reloaded= 0
========================================================================
Received Import Request.
  Time since last request: 183.971885 seconds.
  path: Assets/_scripts/_Managers/BaseNarrativeEventManager.cs
  artifactKey: Guid(c10cecb789bf70d41a969532dec81a0d) Importer(815301076,1909f56bfc062723c751e8b465ee728b)
Start importing Assets/_scripts/_Managers/BaseNarrativeEventManager.cs using Guid(c10cecb789bf70d41a969532dec81a0d) Importer(815301076,1909f56bfc062723c751e8b465ee728b) (PreviewImporter) -> (artifact id: '1895dfb4c21bc5f59cae7a5f71f72b71') in 0.0035114 seconds
Number of updated asset objects reloaded before import = 0Number of asset objects unloaded after import = 0

========================================================================
Received Prepare
Refreshing native plugins compatible for Editor in 8.65 ms, found 4 plugins.
Preloading 0 native plugins for Editor in 0.00 ms.
Unloading 13 Unused Serialized files (Serialized files now loaded: 0)
Unloading 6508 unused Assets / (4.6 MB). Loaded Objects now: 7322.
Memory consumption went from 166.1 MB to 161.5 MB.
Total: 33.752300 ms (FindLiveObjects: 1.853700 ms CreateObjectMapping: 3.149700 ms MarkObjects: 18.278300 ms  DeleteObjects: 10.467000 ms)

Prepare: number of updated asset objects reloaded= 0
========================================================================
Received Prepare
Refreshing native plugins compatible for Editor in 8.70 ms, found 4 plugins.
Preloading 0 native plugins for Editor in 0.00 ms.
Unloading 13 Unused Serialized files (Serialized files now loaded: 0)
Unloading 6508 unused Assets / (4.7 MB). Loaded Objects now: 7322.
Memory consumption went from 166.1 MB to 161.3 MB.
Total: 32.716400 ms (FindLiveObjects: 1.809400 ms CreateObjectMapping: 2.793100 ms MarkObjects: 18.461500 ms  DeleteObjects: 9.648800 ms)

Prepare: number of updated asset objects reloaded= 0
========================================================================
Received Prepare
Refreshing native plugins compatible for Editor in 8.40 ms, found 4 plugins.
Preloading 0 native plugins for Editor in 0.00 ms.
Unloading 13 Unused Serialized files (Serialized files now loaded: 0)
Unloading 6508 unused Assets / (2.1 MB). Loaded Objects now: 7322.
Memory consumption went from 166.1 MB to 164.0 MB.
Total: 41.266500 ms (FindLiveObjects: 1.761700 ms CreateObjectMapping: 2.673500 ms MarkObjects: 29.540900 ms  DeleteObjects: 7.287600 ms)

Prepare: number of updated asset objects reloaded= 0
========================================================================
Received Import Request.
  Time since last request: 495.794676 seconds.
  path: Assets/_scripts/_Managers/BaseNarrativeEventManager.cs
  artifactKey: Guid(c10cecb789bf70d41a969532dec81a0d) Importer(815301076,1909f56bfc062723c751e8b465ee728b)
Start importing Assets/_scripts/_Managers/BaseNarrativeEventManager.cs using Guid(c10cecb789bf70d41a969532dec81a0d) Importer(815301076,1909f56bfc062723c751e8b465ee728b) (PreviewImporter) -> (artifact id: '19506ea0987c5393ce9e24c987ec222a') in 0.0028007 seconds
Number of updated asset objects reloaded before import = 0Number of asset objects unloaded after import = 0

========================================================================
Received Prepare
Refreshing native plugins compatible for Editor in 5.50 ms, found 4 plugins.
Preloading 0 native plugins for Editor in 0.00 ms.
Unloading 13 Unused Serialized files (Serialized files now loaded: 0)
Unloading 6508 unused Assets / (4.6 MB). Loaded Objects now: 7322.
Memory consumption went from 166.1 MB to 161.5 MB.
Total: 30.007700 ms (FindLiveObjects: 2.129200 ms CreateObjectMapping: 2.365400 ms MarkObjects: 16.813800 ms  DeleteObjects: 8.696200 ms)

Prepare: number of updated asset objects reloaded= 0
========================================================================
Received Import Request.
  Time since last request: 37.305589 seconds.
  path: Assets/_scripts/_Managers/BaseNarrativeEventManager.cs
  artifactKey: Guid(c10cecb789bf70d41a969532dec81a0d) Importer(815301076,1909f56bfc062723c751e8b465ee728b)
Start importing Assets/_scripts/_Managers/BaseNarrativeEventManager.cs using Guid(c10cecb789bf70d41a969532dec81a0d) Importer(815301076,1909f56bfc062723c751e8b465ee728b) (PreviewImporter) -> (artifact id: '19506ea0987c5393ce9e24c987ec222a') in 0.0019592 seconds
Number of updated asset objects reloaded before import = 0Number of asset objects unloaded after import = 0

========================================================================
Received Prepare
Refreshing native plugins compatible for Editor in 8.71 ms, found 4 plugins.
Preloading 0 native plugins for Editor in 0.00 ms.
Unloading 13 Unused Serialized files (Serialized files now loaded: 0)
Unloading 6508 unused Assets / (4.5 MB). Loaded Objects now: 7322.
Memory consumption went from 166.1 MB to 161.6 MB.
Total: 34.394400 ms (FindLiveObjects: 2.340800 ms CreateObjectMapping: 3.958100 ms MarkObjects: 19.290700 ms  DeleteObjects: 8.801000 ms)

Prepare: number of updated asset objects reloaded= 0
========================================================================
Received Import Request.
  Time since last request: 255.121748 seconds.
  path: Assets/_scripts/_Managers/BaseNarrativeEventManager.cs
  artifactKey: Guid(c10cecb789bf70d41a969532dec81a0d) Importer(815301076,1909f56bfc062723c751e8b465ee728b)
Start importing Assets/_scripts/_Managers/BaseNarrativeEventManager.cs using Guid(c10cecb789bf70d41a969532dec81a0d) Importer(815301076,1909f56bfc062723c751e8b465ee728b) (PreviewImporter) -> (artifact id: 'aeafe592dfa55cae4e8e744b22b29c4a') in 0.002191 seconds
Number of updated asset objects reloaded before import = 0Number of asset objects unloaded after import = 0

========================================================================
Received Prepare
Refreshing native plugins compatible for Editor in 6.15 ms, found 4 plugins.
Preloading 0 native plugins for Editor in 0.00 ms.
Unloading 13 Unused Serialized files (Serialized files now loaded: 0)
Unloading 6508 unused Assets / (4.6 MB). Loaded Objects now: 7322.
Memory consumption went from 166.1 MB to 161.4 MB.
Total: 33.645600 ms (FindLiveObjects: 1.818500 ms CreateObjectMapping: 2.846100 ms MarkObjects: 19.609100 ms  DeleteObjects: 9.368800 ms)

Prepare: number of updated asset objects reloaded= 0
========================================================================
Received Import Request.
  Time since last request: 224.727389 seconds.
  path: Assets/_scripts/_Managers/BaseNarrativeEventManager.cs
  artifactKey: Guid(c10cecb789bf70d41a969532dec81a0d) Importer(815301076,1909f56bfc062723c751e8b465ee728b)
Start importing Assets/_scripts/_Managers/BaseNarrativeEventManager.cs using Guid(c10cecb789bf70d41a969532dec81a0d) Importer(815301076,1909f56bfc062723c751e8b465ee728b) (PreviewImporter) -> (artifact id: 'decf80cab009d1556a37010833f9b441') in 0.0027441 seconds
Number of updated asset objects reloaded before import = 0Number of asset objects unloaded after import = 0

========================================================================
Received Prepare
Refreshing native plugins compatible for Editor in 7.40 ms, found 4 plugins.
Preloading 0 native plugins for Editor in 0.00 ms.
Unloading 13 Unused Serialized files (Serialized files now loaded: 0)
Unloading 6508 unused Assets / (4.5 MB). Loaded Objects now: 7322.
Memory consumption went from 166.1 MB to 161.6 MB.
Total: 31.839400 ms (FindLiveObjects: 1.558900 ms CreateObjectMapping: 2.606000 ms MarkObjects: 18.373100 ms  DeleteObjects: 9.298200 ms)

Prepare: number of updated asset objects reloaded= 0
========================================================================
Received Import Request.
  Time since last request: 294.559286 seconds.
  path: Assets/_scripts/_Managers/BaseNarrativeEventManager.cs
  artifactKey: Guid(c10cecb789bf70d41a969532dec81a0d) Importer(815301076,1909f56bfc062723c751e8b465ee728b)
Start importing Assets/_scripts/_Managers/BaseNarrativeEventManager.cs using Guid(c10cecb789bf70d41a969532dec81a0d) Importer(815301076,1909f56bfc062723c751e8b465ee728b) (PreviewImporter) -> (artifact id: 'c1b816276c71072bf304fcb11c3cf6dc') in 0.0019583 seconds
Number of updated asset objects reloaded before import = 0Number of asset objects unloaded after import = 0

========================================================================
Received Prepare
Refreshing native plugins compatible for Editor in 6.79 ms, found 4 plugins.
Preloading 0 native plugins for Editor in 0.00 ms.
Unloading 13 Unused Serialized files (Serialized files now loaded: 0)
Unloading 6508 unused Assets / (4.4 MB). Loaded Objects now: 7322.
Memory consumption went from 166.1 MB to 161.7 MB.
Total: 28.062700 ms (FindLiveObjects: 1.800400 ms CreateObjectMapping: 2.335700 ms MarkObjects: 15.698300 ms  DeleteObjects: 8.224900 ms)

Prepare: number of updated asset objects reloaded= 0
========================================================================
Received Prepare
Refreshing native plugins compatible for Editor in 8.41 ms, found 4 plugins.
Preloading 0 native plugins for Editor in 0.00 ms.
Unloading 13 Unused Serialized files (Serialized files now loaded: 0)
Unloading 6508 unused Assets / (4.5 MB). Loaded Objects now: 7322.
Memory consumption went from 166.1 MB to 161.6 MB.
Total: 33.074400 ms (FindLiveObjects: 1.733200 ms CreateObjectMapping: 2.641600 ms MarkObjects: 20.552900 ms  DeleteObjects: 8.142200 ms)

Prepare: number of updated asset objects reloaded= 0
========================================================================
Received Prepare
Refreshing native plugins compatible for Editor in 7.25 ms, found 4 plugins.
Preloading 0 native plugins for Editor in 0.00 ms.
Unloading 13 Unused Serialized files (Serialized files now loaded: 0)
Unloading 6508 unused Assets / (4.7 MB). Loaded Objects now: 7322.
Memory consumption went from 166.1 MB to 161.4 MB.
Total: 33.392400 ms (FindLiveObjects: 1.668500 ms CreateObjectMapping: 2.360900 ms MarkObjects: 19.111200 ms  DeleteObjects: 10.249100 ms)

Prepare: number of updated asset objects reloaded= 0
========================================================================
Received Prepare
Refreshing native plugins compatible for Editor in 5.98 ms, found 4 plugins.
Preloading 0 native plugins for Editor in 0.00 ms.
Unloading 13 Unused Serialized files (Serialized files now loaded: 0)
Unloading 6508 unused Assets / (4.9 MB). Loaded Objects now: 7322.
Memory consumption went from 166.1 MB to 161.2 MB.
Total: 34.919900 ms (FindLiveObjects: 1.918800 ms CreateObjectMapping: 2.667900 ms MarkObjects: 20.868300 ms  DeleteObjects: 9.461700 ms)

Prepare: number of updated asset objects reloaded= 0
========================================================================
Received Import Request.
  Time since last request: 1595.117131 seconds.
  path: Assets/_scripts/_Managers/NarrativeManagers/BaseNarrativeEventManager.cs
  artifactKey: Guid(c10cecb789bf70d41a969532dec81a0d) Importer(815301076,1909f56bfc062723c751e8b465ee728b)
Start importing Assets/_scripts/_Managers/NarrativeManagers/BaseNarrativeEventManager.cs using Guid(c10cecb789bf70d41a969532dec81a0d) Importer(815301076,1909f56bfc062723c751e8b465ee728b) (PreviewImporter) -> (artifact id: 'c1b816276c71072bf304fcb11c3cf6dc') in 0.0017346 seconds
Number of updated asset objects reloaded before import = 0Number of asset objects unloaded after import = 0

========================================================================
Received Prepare
Refreshing native plugins compatible for Editor in 6.29 ms, found 4 plugins.
Preloading 0 native plugins for Editor in 0.00 ms.
Unloading 13 Unused Serialized files (Serialized files now loaded: 0)
Unloading 6508 unused Assets / (3.7 MB). Loaded Objects now: 7322.
Memory consumption went from 166.1 MB to 162.3 MB.
Total: 30.712400 ms (FindLiveObjects: 1.634700 ms CreateObjectMapping: 3.016100 ms MarkObjects: 18.231000 ms  DeleteObjects: 7.825800 ms)

Prepare: number of updated asset objects reloaded= 0
========================================================================
Received Prepare
Refreshing native plugins compatible for Editor in 5.98 ms, found 4 plugins.
Preloading 0 native plugins for Editor in 0.00 ms.
Unloading 13 Unused Serialized files (Serialized files now loaded: 0)
Unloading 6508 unused Assets / (4.5 MB). Loaded Objects now: 7322.
Memory consumption went from 166.1 MB to 161.6 MB.
Total: 33.573400 ms (FindLiveObjects: 1.966500 ms CreateObjectMapping: 3.135000 ms MarkObjects: 20.434000 ms  DeleteObjects: 8.034700 ms)

Prepare: number of updated asset objects reloaded= 0
========================================================================
Received Import Request.
  Time since last request: 14.443775 seconds.
  path: Assets/_scripts/_Managers/NarrativeManagers/BaseNarrativeEventManager.cs
  artifactKey: Guid(c10cecb789bf70d41a969532dec81a0d) Importer(815301076,1909f56bfc062723c751e8b465ee728b)
Start importing Assets/_scripts/_Managers/NarrativeManagers/BaseNarrativeEventManager.cs using Guid(c10cecb789bf70d41a969532dec81a0d) Importer(815301076,1909f56bfc062723c751e8b465ee728b) (PreviewImporter) -> (artifact id: 'c1b816276c71072bf304fcb11c3cf6dc') in 0.0015968 seconds
Number of updated asset objects reloaded before import = 0Number of asset objects unloaded after import = 0

========================================================================
Received Prepare
Refreshing native plugins compatible for Editor in 5.85 ms, found 4 plugins.
Preloading 0 native plugins for Editor in 0.00 ms.
Unloading 13 Unused Serialized files (Serialized files now loaded: 0)
Unloading 6508 unused Assets / (4.6 MB). Loaded Objects now: 7322.
Memory consumption went from 166.1 MB to 161.5 MB.
Total: 32.032600 ms (FindLiveObjects: 1.666200 ms CreateObjectMapping: 3.005400 ms MarkObjects: 17.745100 ms  DeleteObjects: 9.612300 ms)

Prepare: number of updated asset objects reloaded= 0
========================================================================
Received Import Request.
  Time since last request: 140.245718 seconds.
  path: Assets/_scripts/_Managers/NarrativeManagers/BaseNarrativeEventManager.cs
  artifactKey: Guid(c10cecb789bf70d41a969532dec81a0d) Importer(815301076,1909f56bfc062723c751e8b465ee728b)
Start importing Assets/_scripts/_Managers/NarrativeManagers/BaseNarrativeEventManager.cs using Guid(c10cecb789bf70d41a969532dec81a0d) Importer(815301076,1909f56bfc062723c751e8b465ee728b) (PreviewImporter) -> (artifact id: 'c1b816276c71072bf304fcb11c3cf6dc') in 0.0023686 seconds
Number of updated asset objects reloaded before import = 0Number of asset objects unloaded after import = 0

========================================================================
Received Prepare
Refreshing native plugins compatible for Editor in 7.00 ms, found 4 plugins.
Preloading 0 native plugins for Editor in 0.00 ms.
Unloading 13 Unused Serialized files (Serialized files now loaded: 0)
Unloading 6508 unused Assets / (6.0 MB). Loaded Objects now: 7322.
Memory consumption went from 166.1 MB to 160.1 MB.
Total: 63.501100 ms (FindLiveObjects: 1.983000 ms CreateObjectMapping: 4.335700 ms MarkObjects: 24.963000 ms  DeleteObjects: 32.216400 ms)

Prepare: number of updated asset objects reloaded= 0
